0 info it worked if it ends with ok
1 verbose cli [ 'C:\\Program Files (x86)\\nodejs\\\\node.exe',
1 verbose cli   'C:\\Program Files (x86)\\nodejs\\node_modules\\npm\\bin\\npm-cli.js',
1 verbose cli   'install',
1 verbose cli   'ionMdInput' ]
2 info using npm@1.3.17
3 info using node@v0.10.23
4 verbose node symlink C:\Program Files (x86)\nodejs\\node.exe
5 warn package.json easylife@1.0.0 No repository field.
6 warn package.json easylife@1.0.0 No README data
7 verbose readDependencies using package.json deps
8 verbose cache add [ 'ionMdInput', null ]
9 verbose cache add name=undefined spec="ionMdInput" args=["ionMdInput",null]
10 verbose parsed url { protocol: null,
10 verbose parsed url   slashes: null,
10 verbose parsed url   auth: null,
10 verbose parsed url   host: null,
10 verbose parsed url   port: null,
10 verbose parsed url   hostname: null,
10 verbose parsed url   hash: null,
10 verbose parsed url   search: null,
10 verbose parsed url   query: null,
10 verbose parsed url   pathname: 'ionMdInput',
10 verbose parsed url   path: 'ionMdInput',
10 verbose parsed url   href: 'ionMdInput' }
11 silly lockFile fd2ecc6d-ionMdInput ionMdInput
12 verbose lock ionMdInput C:\Users\Demax\AppData\Roaming\npm-cache\fd2ecc6d-ionMdInput.lock
13 silly lockFile fd2ecc6d-ionMdInput ionMdInput
14 silly lockFile fd2ecc6d-ionMdInput ionMdInput
15 verbose addNamed [ 'ionMdInput', '' ]
16 verbose addNamed [ null, '*' ]
17 silly lockFile 37d41975-ionMdInput ionMdInput@
18 verbose lock ionMdInput@ C:\Users\Demax\AppData\Roaming\npm-cache\37d41975-ionMdInput.lock
19 silly addNameRange { name: 'ionMdInput', range: '*', hasData: false }
20 verbose url raw ionMdInput
21 verbose url resolving [ 'https://registry.npmjs.org/', './ionMdInput' ]
22 verbose url resolved https://registry.npmjs.org/ionMdInput
23 info trying registry request attempt 1 at 15:09:54
24 http GET https://registry.npmjs.org/ionMdInput
25 http 404 https://registry.npmjs.org/ionMdInput
26 silly registry.get cb [ 404,
26 silly registry.get   { 'content-type': 'application/json',
26 silly registry.get     'cache-control': 'max-age=0',
26 silly registry.get     'content-length': '2',
26 silly registry.get     'accept-ranges': 'bytes',
26 silly registry.get     date: 'Sun, 23 Aug 2015 13:10:06 GMT',
26 silly registry.get     via: '1.1 varnish',
26 silly registry.get     age: '0',
26 silly registry.get     connection: 'keep-alive',
26 silly registry.get     'x-served-by': 'cache-fra1231-FRA',
26 silly registry.get     'x-cache': 'MISS',
26 silly registry.get     'x-cache-hits': '0',
26 silly registry.get     'x-timer': 'S1440335405.962029,VS0,VE176' } ]
27 silly addNameRange number 2 { name: 'ionMdInput', range: '*', hasData: true }
28 silly addNameRange versions [ undefined, [] ]
29 error TypeError: Cannot read property 'latest' of undefined
29 error     at next (C:\Program Files (x86)\nodejs\node_modules\npm\lib\cache.js:687:35)
29 error     at C:\Program Files (x86)\nodejs\node_modules\npm\lib\cache.js:675:5
29 error     at saved (C:\Program Files (x86)\nodejs\node_modules\npm\node_modules\npm-registry-client\lib\get.js:142:7)
29 error     at C:\Program Files (x86)\nodejs\node_modules\npm\node_modules\graceful-fs\polyfills.js:133:7
29 error     at Object.oncomplete (fs.js:107:15)
30 error If you need help, you may report this *entire* log,
30 error including the npm and node versions, at:
30 error     <http://github.com/isaacs/npm/issues>
31 error System Windows_NT 6.2.9200
32 error command "C:\\Program Files (x86)\\nodejs\\\\node.exe" "C:\\Program Files (x86)\\nodejs\\node_modules\\npm\\bin\\npm-cli.js" "install" "ionMdInput"
33 error cwd C:\Users\Demax\Desktop\myLife\easyLife
34 error node -v v0.10.23
35 error npm -v 1.3.17
36 error type non_object_property_load
37 verbose exit [ 1, true ]
